# JRE version: OpenJDK Runtime Environment (8.0_212-b04) (build 1.8.0_212-release-1586-b04)
# Java VM: OpenJDK 64-Bit Server VM (25.212-b04 mixed mode windows-amd64 compressed oops)
Heap:
 PSYoungGen      total 486912K, used 34786K [0x00000000e0000000, 0x00000000ffd80000, 0x0000000100000000)
  eden space 453632K, 7% used [0x00000000e0000000,0x00000000e21f89f8,0x00000000fbb00000)
  from space 33280K, 0% used [0x00000000fdc00000,0x00000000fdc00000,0x00000000ffc80000)
  to   space 33792K, 0% used [0x00000000fbb00000,0x00000000fbb00000,0x00000000fdc00000)
 ParOldGen       total 256512K, used 78085K [0x00000000a0000000, 0x00000000afa80000, 0x00000000e0000000)
  object space 256512K, 30% used [0x00000000a0000000,0x00000000a4c415d0,0x00000000afa80000)
 Metaspace       used 175174K, capacity 186498K, committed 190464K, reserved 1214464K
  class space    used 22502K, capacity 24329K, committed 25088K, reserved 1048576K
GC Heap History (10 events):
Event: 5832.397 GC heap before
{Heap before GC invocations=90 (full 9):
 PSYoungGen      total 488448K, used 459766K [0x00000000e0000000, 0x0000000100000000, 0x0000000100000000)
  eden space 451584K, 100% used [0x00000000e0000000,0x00000000fb900000,0x00000000fb900000)
  from space 36864K, 22% used [0x00000000fdc00000,0x00000000fe3fd960,0x0000000100000000)
  to   space 35840K, 0% used [0x00000000fb900000,0x00000000fb900000,0x00000000fdc00000)
 ParOldGen       total 256512K, used 116308K [0x00000000a0000000, 0x00000000afa80000, 0x00000000e0000000)
  object space 256512K, 45% used [0x00000000a0000000,0x00000000a7195288,0x00000000afa80000)
 Metaspace       used 173299K, capacity 184250K, committed 187904K, reserved 1212416K
  class space    used 22303K, capacity 24089K, committed 24832K, reserved 1048576K
Event: 5832.422 GC heap after
Heap after GC invocations=90 (full 9):
 PSYoungGen      total 467968K, used 16260K [0x00000000e0000000, 0x00000000ffd00000, 0x0000000100000000)
  eden space 451584K, 0% used [0x00000000e0000000,0x00000000e0000000,0x00000000fb900000)
  from space 16384K, 99% used [0x00000000fb900000,0x00000000fc8e10b8,0x00000000fc900000)
  to   space 34816K, 0% used [0x00000000fdb00000,0x00000000fdb00000,0x00000000ffd00000)
 ParOldGen       total 256512K, used 116404K [0x00000000a0000000, 0x00000000afa80000, 0x00000000e0000000)
  object space 256512K, 45% used [0x00000000a0000000,0x00000000a71ad288,0x00000000afa80000)
 Metaspace       used 173299K, capacity 184250K, committed 187904K, reserved 1212416K
  class space    used 22303K, capacity 24089K, committed 24832K, reserved 1048576K
}
Event: 6887.640 GC heap before
{Heap before GC invocations=91 (full 9):
 PSYoungGen      total 467968K, used 467844K [0x00000000e0000000, 0x00000000ffd00000, 0x0000000100000000)
  eden space 451584K, 100% used [0x00000000e0000000,0x00000000fb900000,0x00000000fb900000)
  from space 16384K, 99% used [0x00000000fb900000,0x00000000fc8e10b8,0x00000000fc900000)
  to   space 34816K, 0% used [0x00000000fdb00000,0x00000000fdb00000,0x00000000ffd00000)
 ParOldGen       total 256512K, used 116404K [0x00000000a0000000, 0x00000000afa80000, 0x00000000e0000000)
  object space 256512K, 45% used [0x00000000a0000000,0x00000000a71ad288,0x00000000afa80000)
 Metaspace       used 175972K, capacity 187282K, committed 190208K, reserved 1214464K
  class space    used 22653K, capacity 24538K, committed 25088K, reserved 1048576K
Event: 6887.902 GC heap after
Heap after GC invocations=91 (full 9):
 PSYoungGen      total 485888K, used 21346K [0x00000000e0000000, 0x0000000100000000, 0x0000000100000000)
  eden space 451072K, 0% used [0x00000000e0000000,0x00000000e0000000,0x00000000fb880000)
  from space 34816K, 61% used [0x00000000fdb00000,0x00000000fefd89f8,0x00000000ffd00000)
  to   space 35328K, 0% used [0x00000000fb880000,0x00000000fb880000,0x00000000fdb00000)
 ParOldGen       total 256512K, used 123384K [0x00000000a0000000, 0x00000000afa80000, 0x00000000e0000000)
  object space 256512K, 48% used [0x00000000a0000000,0x00000000a787e1d8,0x00000000afa80000)
 Metaspace       used 175972K, capacity 187282K, committed 190208K, reserved 1214464K
  class space    used 22653K, capacity 24538K, committed 25088K, reserved 1048576K
}
Event: 7496.597 GC heap before
{Heap before GC invocations=92 (full 9):
 PSYoungGen      total 485888K, used 472418K [0x00000000e0000000, 0x0000000100000000, 0x0000000100000000)
  eden space 451072K, 100% used [0x00000000e0000000,0x00000000fb880000,0x00000000fb880000)
  from space 34816K, 61% used [0x00000000fdb00000,0x00000000fefd89f8,0x00000000ffd00000)
  to   space 35328K, 0% used [0x00000000fb880000,0x00000000fb880000,0x00000000fdb00000)
 ParOldGen       total 256512K, used 123384K [0x00000000a0000000, 0x00000000afa80000, 0x00000000e0000000)
  object space 256512K, 48% used [0x00000000a0000000,0x00000000a787e1d8,0x00000000afa80000)
 Metaspace       used 176720K, capacity 188536K, committed 190208K, reserved 1214464K
  class space    used 22760K, capacity 24735K, committed 25088K, reserved 1048576K
Event: 7496.642 GC heap after
Heap after GC invocations=92 (full 9):
 PSYoungGen      total 486400K, used 13554K [0x00000000e0000000, 0x00000000ffc80000, 0x0000000100000000)
  eden space 451072K, 0% used [0x00000000e0000000,0x00000000e0000000,0x00000000fb880000)
  from space 35328K, 38% used [0x00000000fb880000,0x00000000fc5bca70,0x00000000fdb00000)
  to   space 33280K, 0% used [0x00000000fdc00000,0x00000000fdc00000,0x00000000ffc80000)
 ParOldGen       total 256512K, used 127146K [0x00000000a0000000, 0x00000000afa80000, 0x00000000e0000000)
  object space 256512K, 49% used [0x00000000a0000000,0x00000000a7c2ab50,0x00000000afa80000)
 Metaspace       used 176720K, capacity 188536K, committed 190208K, reserved 1214464K
  class space    used 22760K, capacity 24735K, committed 25088K, reserved 1048576K
}
Event: 8740.408 GC heap before
{Heap before GC invocations=93 (full 9):
 PSYoungGen      total 486400K, used 425876K [0x00000000e0000000, 0x00000000ffc80000, 0x0000000100000000)
  eden space 451072K, 91% used [0x00000000e0000000,0x00000000f92a8760,0x00000000fb880000)
  from space 35328K, 38% used [0x00000000fb880000,0x00000000fc5bca70,0x00000000fdb00000)
  to   space 33280K, 0% used [0x00000000fdc00000,0x00000000fdc00000,0x00000000ffc80000)
 ParOldGen       total 256512K, used 127146K [0x00000000a0000000, 0x00000000afa80000, 0x00000000e0000000)
  object space 256512K, 49% used [0x00000000a0000000,0x00000000a7c2ab50,0x00000000afa80000)
 Metaspace       used 176941K, capacity 188930K, committed 190464K, reserved 1214464K
  class space    used 22762K, capacity 24736K, committed 25088K, reserved 1048576K
Event: 8740.460 GC heap after
Heap after GC invocations=93 (full 9):
 PSYoungGen      total 486912K, used 2660K [0x00000000e0000000, 0x00000000ffd80000, 0x0000000100000000)
  eden space 453632K, 0% used [0x00000000e0000000,0x00000000e0000000,0x00000000fbb00000)
  from space 33280K, 7% used [0x00000000fdc00000,0x00000000fde99268,0x00000000ffc80000)
  to   space 33792K, 0% used [0x00000000fbb00000,0x00000000fbb00000,0x00000000fdc00000)
 ParOldGen       total 256512K, used 127466K [0x00000000a0000000, 0x00000000afa80000, 0x00000000e0000000)
  object space 256512K, 49% used [0x00000000a0000000,0x00000000a7c7ab50,0x00000000afa80000)
 Metaspace       used 176941K, capacity 188930K, committed 190464K, reserved 1214464K
  class space    used 22762K, capacity 24736K, committed 25088K, reserved 1048576K
}
Event: 8740.460 GC heap before
{Heap before GC invocations=94 (full 10):
 PSYoungGen      total 486912K, used 2660K [0x00000000e0000000, 0x00000000ffd80000, 0x0000000100000000)
  eden space 453632K, 0% used [0x00000000e0000000,0x00000000e0000000,0x00000000fbb00000)
  from space 33280K, 7% used [0x00000000fdc00000,0x00000000fde99268,0x00000000ffc80000)
  to   space 33792K, 0% used [0x00000000fbb00000,0x00000000fbb00000,0x00000000fdc00000)
 ParOldGen       total 256512K, used 127466K [0x00000000a0000000, 0x00000000afa80000, 0x00000000e0000000)
  object space 256512K, 49% used [0x00000000a0000000,0x00000000a7c7ab50,0x00000000afa80000)
 Metaspace       used 176941K, capacity 188930K, committed 190464K, reserved 1214464K
  class space    used 22762K, capacity 24736K, committed 25088K, reserved 1048576K
Event: 8741.512 GC heap after
Heap after GC invocations=94 (full 10):
 PSYoungGen      total 486912K, used 0K [0x00000000e0000000, 0x00000000ffd80000, 0x0000000100000000)
  eden space 453632K, 0% used [0x00000000e0000000,0x00000000e0000000,0x00000000fbb00000)
  from space 33280K, 0% used [0x00000000fdc00000,0x00000000fdc00000,0x00000000ffc80000)
  to   space 33792K, 0% used [0x00000000fbb00000,0x00000000fbb00000,0x00000000fdc00000)
 ParOldGen       total 256512K, used 78085K [0x00000000a0000000, 0x00000000afa80000, 0x00000000e0000000)
  object space 256512K, 30% used [0x00000000a0000000,0x00000000a4c415d0,0x00000000afa80000)
 Metaspace       used 175149K, capacity 186498K, committed 190464K, reserved 1214464K
  class space    used 22501K, capacity 24329K, committed 25088K, reserved 1048576K
}

